<?xml version="1.0" encoding="UTF-8" ?>
<testsuite errors="0" failures="1" hostname="Warglaive" name="PasswordTest" skipped="0" tests="6" time="0.214" timestamp="2019-09-06T18:27:18">
  <properties>
    <property name="libs.jsp-compiler.javadoc" value="" />
    <property name="netbeans.autoupdate.country" value="US" />
    <property name="javac.test.classpath" value=":build/classes:lib/edu-test-utils-0.4.2.jar:lib/hamcrest-core-1.3.jar:lib/junit-4.11.jar" />
    <property name="libs.jsf20.maven-pom" value="" />
    <property name="javac.test.sourcepath" value="C:\Users\attra\Documents\NetBeansProjects\fontys-sebivenlo-PRC11_GROUP4\week1-022.Password\build\empty" />
    <property name="libs.spring-webmvc4.0.src" value="" />
    <property name="javac.includes" value="PasswordTest.java" />
    <property name="ant.core.lib" value="G:\Program Files\NetBeans-11.1\netbeans\extide\ant\lib\ant.jar" />
    <property name="javadoc.windowtitle" value="" />
    <property name="libs.jsp-compilation.javadoc" value="" />
    <property name="user.dir" value="C:\Users\attra\Documents\NetBeansProjects\fontys-sebivenlo-PRC11_GROUP4\week1-022.Password" />
    <property name="libs.javaee-api-7.0.src" value="" />
    <property name="java.vm.version" value="25.211-b12" />
    <property name="libs.eclipselinkmodelgen.src" value="" />
    <property name="javadoc.notree" value="false" />
    <property name="netbeans.autoupdate.version" value="1.23" />
    <property name="libs.javaee-web-api-6.0.classpath" value="G:\Program Files\NetBeans-11.1\netbeans\enterprise\modules\ext\javaee-web-api-6.0.jar" />
    <property name="javac.profile.cmd.line.arg" value="" />
    <property name="jdk.home" value="G:\JavaSDK" />
    <property name="libs.javac-api.src" value="" />
    <property name="javadoc.noindex" value="false" />
    <property name="sun.os.patch.level" value="" />
    <property name="do.archive+manifest.available" value="true" />
    <property name="java.vm.specification.name" value="Java Virtual Machine Specification" />
    <property name="nb.show.statistics.ui" value="usageStatisticsEnabled" />
    <property name="netbeans.autoupdate.variant" value="" />
    <property name="have.tests" value="true" />
    <property name="org.xml.sax.driver" value="com.sun.org.apache.xerces.internal.jaxp.SAXParserImpl$JAXPSAXParser" />
    <property name="libs.hamcrest.classpath" value="G:\Program Files\NetBeans-11.1\netbeans\platform\modules\ext\hamcrest-core-1.3.jar" />
    <property name="libs.javac-api.javadoc" value="" />
    <property name="os.name" value="Windows 10" />
    <property name="test.class" value="PasswordTest" />
    <property name="jdk.gtk.version" value="2.2" />
    <property name="libs.javaee-endorsed-api-7.0.maven-pom" value="" />
    <property name="ap.proc.none.internal" value="" />
    <property name="libs.restapi.javadoc" value="" />
    <property name="libs.JWSAntTasks.maven-pom" value="" />
    <property name="libs.jstl.classpath" value="G:\Program Files\NetBeans-11.1\netbeans\enterprise\modules\ext\jstl-impl.jar;G:\Program Files\NetBeans-11.1\netbeans\enterprise\modules\ext\jstl-api.jar" />
    <property name="libs.testng.src" value="" />
    <property name="libs.spring-webmvc3.0.src" value="" />
    <property name="libs.restapi.classpath" value="G:\Program Files\NetBeans-11.1\netbeans\enterprise\modules\ext\jaxrs-2.0\javax.ws.rs-api-2.0.jar" />
    <property name="java.vendor.url.bug" value="http://bugreport.sun.com/bugreport/" />
    <property name="libs.jaxb.maven-pom" value="" />
    <property name="os.arch" value="amd64" />
    <property name="libs.eclipselink.src" value="" />
    <property name="user.name" value="Warglaive" />
    <property name="libs.jsf12.javadoc" value="G:\Program Files\NetBeans-11.1\netbeans\enterprise\docs\javaee-doc-api.jar" />
    <property name="copylibs.rebase" value="true" />
    <property name="libs.spring-webmvc3.0.maven-pom" value="" />
    <property name="sun.java.command" value="org.apache.tools.ant.taskdefs.optional.junit.JUnitTestRunner PasswordTest skipNonTests=false filtertrace=true haltOnError=false haltOnFailure=false showoutput=true outputtoformatters=true logfailedtests=true threadid=0 logtestlistenerevents=true formatter=org.apache.tools.ant.taskdefs.optional.junit.BriefJUnitResultFormatter formatter=org.apache.tools.ant.taskdefs.optional.junit.XMLJUnitResultFormatter,C:\Users\attra\Documents\NetBeansProjects\fontys-sebivenlo-PRC11_GROUP4\week1-022.Password\build\test\results\TEST-PasswordTest.xml crashfile=C:\Users\attra\Documents\NetBeansProjects\fontys-sebivenlo-PRC11_GROUP4\week1-022.Password\build\junitvmwatcher732946752242211159.properties propsfile=C:\Users\attra\Documents\NetBeansProjects\fontys-sebivenlo-PRC11_GROUP4\week1-022.Password\build\junit4207804908913311898.properties" />
    <property name="build.classes.dir" value="build/classes" />
    <property name="file.reference.edu-test-utils-0.4.2.jar" value="lib/edu-test-utils-0.4.2.jar" />
    <property name="build.sysclasspath" value="ignore" />
    <property name="manifest.encoding" value="UTF-8" />
    <property name="ap.supported.internal" value="true" />
    <property name="java.failonerror" value="true" />
    <property name="libs.javaee-api-8.0.maven-pom" value="" />
    <property name="run.modulepath" value="" />
    <property name="libs.javaee-endorsed-api-7.0.javadoc" value="G:\Program Files\NetBeans-11.1\netbeans\enterprise\docs\javaee-doc-api.jar" />
    <property name="libs.jaxws21.javadoc" value="G:\Program Files\NetBeans-11.1\netbeans\java\docs\jaxws-api-doc.zip" />
    <property name="libs.spring-webmvc4.0.javadoc" value="" />
    <property name="includes" value="**" />
    <property name="user.country" value="US" />
    <property name="manifest.file" value="manifest.mf" />
    <property name="javadoc.encoding" value="UTF-8" />
    <property name="javac.classpath" value="" />
    <property name="libs.jsp-compilation-syscp.src" value="" />
    <property name="libs.spring-framework400.classpath" value="G:\Program Files\NetBeans-11.1\netbeans\ide\modules\org-apache-commons-logging.jar;G:\Program Files\NetBeans-11.1\netbeans\java\modules\ext\cglib-2.2.jar;G:\Program Files\NetBeans-11.1\netbeans\java\modules\ext\spring-4\spring-aop-4.0.1.RELEASE.jar;G:\Program Files\NetBeans-11.1\netbeans\java\modules\ext\spring-4\spring-aspects-4.0.1.RELEASE.jar;G:\Program Files\NetBeans-11.1\netbeans\java\modules\ext\spring-4\spring-beans-4.0.1.RELEASE.jar;G:\Program Files\NetBeans-11.1\netbeans\java\modules\ext\spring-4\spring-build-src-4.0.1.RELEASE.jar;G:\Program Files\NetBeans-11.1\netbeans\java\modules\ext\spring-4\spring-context-4.0.1.RELEASE.jar;G:\Program Files\NetBeans-11.1\netbeans\java\modules\ext\spring-4\spring-context-support-4.0.1.RELEASE.jar;G:\Program Files\NetBeans-11.1\netbeans\java\modules\ext\spring-4\spring-core-4.0.1.RELEASE.jar;G:\Program Files\NetBeans-11.1\netbeans\java\modules\ext\spring-4\spring-expression-4.0.1.RELEASE.jar;G:\Program Files\NetBeans-11.1\netbeans\java\modules\ext\spring-4\spring-framework-bom-4.0.1.RELEASE.jar;G:\Program Files\NetBeans-11.1\netbeans\java\modules\ext\spring-4\spring-instrument-4.0.1.RELEASE.jar;G:\Program Files\NetBeans-11.1\netbeans\java\modules\ext\spring-4\spring-instrument-tomcat-4.0.1.RELEASE.jar;G:\Program Files\NetBeans-11.1\netbeans\java\modules\ext\spring-4\spring-jdbc-4.0.1.RELEASE.jar;G:\Program Files\NetBeans-11.1\netbeans\java\modules\ext\spring-4\spring-jms-4.0.1.RELEASE.jar;G:\Program Files\NetBeans-11.1\netbeans\java\modules\ext\spring-4\spring-messaging-4.0.1.RELEASE.jar;G:\Program Files\NetBeans-11.1\netbeans\java\modules\ext\spring-4\spring-orm-4.0.1.RELEASE.jar;G:\Program Files\NetBeans-11.1\netbeans\java\modules\ext\spring-4\spring-oxm-4.0.1.RELEASE.jar;G:\Program Files\NetBeans-11.1\netbeans\java\modules\ext\spring-4\spring-test-4.0.1.RELEASE.jar;G:\Program Files\NetBeans-11.1\netbeans\java\modules\ext\spring-4\spring-tx-4.0.1.RELEASE.jar;G:\Program Files\NetBeans-11.1\netbeans\java\modules\ext\spring-4\spring-web-4.0.1.RELEASE.jar;G:\Program Files\NetBeans-11.1\netbeans\java\modules\ext\spring-4\spring-webmvc-4.0.1.RELEASE.jar;G:\Program Files\NetBeans-11.1\netbeans\java\modules\ext\spring-4\spring-webmvc-portlet-4.0.1.RELEASE.jar;G:\Program Files\NetBeans-11.1\netbeans\java\modules\ext\spring-4\spring-websocket-4.0.1.RELEASE.jar" />
    <property name="debug-transport" value="dt_shmem" />
    <property name="netbeans.home" value="G:\Program Files\NetBeans-11.1\netbeans\platform" />
    <property name="build.compiler.emacs" value="true" />
    <property name="libs.javaee-web-api-6.0.src" value="" />
    <property name="libs.jsp-compilation-syscp.classpath" value="G:\Program Files\NetBeans-11.1\netbeans\extide\ant\lib\ant.jar;G:\Program Files\NetBeans-11.1\netbeans\enterprise\modules\ext\servlet3.1-jsp2.3-api.jar;G:\Program Files\NetBeans-11.1\netbeans\enterprise\modules\ext\glassfish-jspparser-4.0.jar;G:\Program Files\NetBeans-11.1\netbeans\enterprise\modules\ext\jstl-impl.jar;G:\Program Files\NetBeans-11.1\netbeans\enterprise\modules\ext\jsf-2_2\javax.faces.jar" />
    <property name="javac.modulepath" value="" />
    <property name="java.endorsed.dirs" value="G:\JavaSDK\jre\lib\endorsed" />
    <property name="libs.groovy-all.src" value="" />
    <property name="libs.junit_5.src" value="G:\Program Files\NetBeans-11.1\netbeans\platform\docs\junit-jupiter-api-5.3.1-sources.jar;G:\Program Files\NetBeans-11.1\netbeans\platform\docs\junit-jupiter-params-5.3.1-sources.jar;G:\Program Files\NetBeans-11.1\netbeans\platform\docs\junit-jupiter-engine-5.3.1-sources.jar" />
    <property name="test.includes" value="PasswordTest.java" />
    <property name="netbeans.dynamic.classpath" value="G:\Program Files\NetBeans-11.1\netbeans\platform\core\asm-all-5.0.1.jar;G:\Program Files\NetBeans-11.1\netbeans\platform\core\core-base.jar;G:\Program Files\NetBeans-11.1\netbeans\platform\core\core.jar;G:\Program Files\NetBeans-11.1\netbeans\platform\core\org-netbeans-libs-asm.jar;G:\Program Files\NetBeans-11.1\netbeans\platform\core\org-openide-filesystems-compat8.jar;G:\Program Files\NetBeans-11.1\netbeans\platform\core\org-openide-filesystems.jar;G:\Program Files\NetBeans-11.1\netbeans\nb\core\org-netbeans-upgrader.jar;G:\Program Files\NetBeans-11.1\netbeans\nb\core\locale\core_nb.jar" />
    <property name="libs.maven-dependencies.classpath" value="G:\Program Files\NetBeans-11.1\netbeans\enterprise\modules\ext\javaee6-endorsed\javax.annotation.jar;G:\Program Files\NetBeans-11.1\netbeans\enterprise\modules\ext\javaee6-endorsed\jaxb-api-osgi.jar;G:\Program Files\NetBeans-11.1\netbeans\enterprise\modules\ext\javaee6-endorsed\webservices-api-osgi.jar" />
    <property name="java.vm.specification.version" value="1.8" />
    <property name="plugin.manager.check.updates" value="false" />
    <property name="libs.primefaces.classpath" value="G:\Program Files\NetBeans-11.1\netbeans\enterprise\modules\ext\primefaces\primefaces-5.0.jar" />
    <property name="libs.javaee-api-6.0.classpath" value="G:\Program Files\NetBeans-11.1\netbeans\enterprise\modules\ext\javaee-api-6.0.jar" />
    <property name="libs.groovy-all.maven-pom" value="" />
    <property name="netbeans.productversion" value="Apache NetBeans IDE 11.1" />
    <property name="file.reference.junit-4.11.jar" value="lib/junit-4.11.jar" />
    <property name="libs.jaxws21.src" value="" />
    <property name="application.title" value="022.Password" />
    <property name="do.archive" value="true" />
    <property name="netbeans.autoupdate.language" value="en" />
    <property name="java.vendor" value="Oracle Corporation" />
    <property name="libs.javaee-api-6.0.javadoc" value="G:\Program Files\NetBeans-11.1\netbeans\enterprise\docs\javaee-doc-api.jar" />
    <property name="jar.index.metainf" value="false" />
    <property name="javac.debug" value="true" />
    <property name="javadoc.splitindex" value="true" />
    <property name="file.separator" value="\" />
    <property name="javac.includesfile.binary" value="C:\Users\attra\Documents\NetBeansProjects\fontys-sebivenlo-PRC11_GROUP4\week1-022.Password\null1417080861" />
    <property name="libs.junit_4.maven-pom" value="" />
    <property name="mkdist.disabled" value="false" />
    <property name="javac.test.processorpath" value=":build/classes:lib/edu-test-utils-0.4.2.jar:lib/hamcrest-core-1.3.jar:lib/junit-4.11.jar" />
    <property name="netbeans.buildnumber" value="1.2.0" />
    <property name="libs.JWSAntTasks.javadoc" value="" />
    <property name="build.generated.sources.dir" value="build/generated-sources" />
    <property name="user.variant" value="" />
    <property name="libs.eclipselinkmodelgen.classpath" value="G:\Program Files\NetBeans-11.1\netbeans\java\modules\ext\eclipselink\org.eclipse.persistence.jpa.modelgen.processor-2.5.2.jar" />
    <property name="libs.javaee-endorsed-api-7.0.src" value="" />
    <property name="sun.java.launcher" value="SUN_STANDARD" />
    <property name="libs.jaxb.javadoc" value="G:\Program Files\NetBeans-11.1\netbeans\ide\docs\jaxb-api-2.2.5-javadoc.jar" />
    <property name="libs.struts.classpath" value="G:\Program Files\NetBeans-11.1\netbeans\enterprise\modules\ext\struts\antlr-2.7.2.jar;G:\Program Files\NetBeans-11.1\netbeans\enterprise\modules\ext\struts\bsf-2.3.0.jar;G:\Program Files\NetBeans-11.1\netbeans\enterprise\modules\ext\struts\commons-beanutils-1.8.0.jar;G:\Program Files\NetBeans-11.1\netbeans\enterprise\modules\ext\struts\commons-chain-1.2.jar;G:\Program Files\NetBeans-11.1\netbeans\enterprise\modules\ext\struts\commons-digester-1.8.jar;G:\Program Files\NetBeans-11.1\netbeans\enterprise\modules\ext\struts\commons-fileupload-1.1.1.jar;G:\Program Files\NetBeans-11.1\netbeans\enterprise\modules\ext\struts\commons-io-1.1.jar;G:\Program Files\NetBeans-11.1\netbeans\enterprise\modules\ext\struts\commons-logging-1.0.4.jar;G:\Program Files\NetBeans-11.1\netbeans\enterprise\modules\ext\struts\commons-validator-1.3.1.jar;G:\Program Files\NetBeans-11.1\netbeans\enterprise\modules\ext\struts\jstl-1.0.2.jar;G:\Program Files\NetBeans-11.1\netbeans\enterprise\modules\ext\struts\oro-2.0.8.jar;G:\Program Files\NetBeans-11.1\netbeans\enterprise\modules\ext\struts\standard-1.0.6.jar;G:\Program Files\NetBeans-11.1\netbeans\enterprise\modules\ext\struts\struts-core-1.3.10.jar;G:\Program Files\NetBeans-11.1\netbeans\enterprise\modules\ext\struts\struts-el-1.3.10.jar;G:\Program Files\NetBeans-11.1\netbeans\enterprise\modules\ext\struts\struts-extras-1.3.10.jar;G:\Program Files\NetBeans-11.1\netbeans\enterprise\modules\ext\struts\struts-faces-1.3.10.jar;G:\Program Files\NetBeans-11.1\netbeans\enterprise\modules\ext\struts\struts-mailreader-dao-1.3.10.jar;G:\Program Files\NetBeans-11.1\netbeans\enterprise\modules\ext\struts\struts-scripting-1.3.10.jar;G:\Program Files\NetBeans-11.1\netbeans\enterprise\modules\ext\struts\struts-taglib-1.3.10.jar;G:\Program Files\NetBeans-11.1\netbeans\enterprise\modules\ext\struts\struts-tiles-1.3.10.jar" />
    <property name="javac.includes.binary" value="C:\Users\attra\Documents\NetBeansProjects\fontys-sebivenlo-PRC11_GROUP4\week1-022.Password\build\test\classes\PasswordTest.class" />
    <property name="ant.home" value="G:\Program Files\NetBeans-11.1\netbeans\extide\ant" />
    <property name="libs.junit_4.src" value="G:\Program Files\NetBeans-11.1\netbeans\platform\docs\junit-4.12-sources.jar" />
    <property name="libs.testng.classpath" value="G:\Program Files\NetBeans-11.1\netbeans\platform\modules\ext\testng-6.8.1-dist.jar" />
    <property name="libs.absolutelayout.maven-pom" value="" />
    <property name="ant.java.version" value="1.8" />
    <property name="java.library.path" value="G:\JavaSDK\jre\bin;C:\WINDOWS\Sun\Java\bin;C:\WINDOWS\system32;C:\WINDOWS;C:\Program Files\Microsoft MPI\Bin\;C:\Program Files (x86)\Common Files\Oracle\Java\javapath;C:\WINDOWS\system32;C:\WINDOWS;C:\WINDOWS\System32\Wbem;C:\WINDOWS\System32\WindowsPowerShell\v1.0\;C:\WINDOWS\System32\OpenSSH\;C:\Program Files (x86)\NVIDIA Corporation\PhysX\Common;C:\Program Files\NVIDIA Corporation\NVIDIA NvDLISR;C:\Program Files\dotnet\;C:\Program Files\Microsoft SQL Server\130\Tools\Binn\;C:\Program Files\Microsoft SQL Server\Client SDK\ODBC\170\Tools\Binn\;G:\Program Files (x86)\GitExtensions\;C:\Program Files (x86)\Microsoft SQL Server\140\Tools\Binn\;C:\Program Files\Microsoft SQL Server\140\Tools\Binn\;C:\Program Files (x86)\Microsoft SQL Server\140\DTS\Binn\;C:\Program Files\Microsoft SQL Server\140\DTS\Binn\;C:\Program Files\Microsoft SQL Server\Client SDK\ODBC\130\Tools\Binn\;C:\Program Files (x86)\Microsoft SQL Server\150\DTS\Binn\;G:\Program Files\Git\cmd;C:\WINDOWS\system32;C:\WINDOWS;C:\WINDOWS\System32\Wbem;C:\WINDOWS\System32\WindowsPowerShell\v1.0\;C:\WINDOWS\System32\OpenSSH\;C:\Users\attra\AppData\Local\Microsoft\WindowsApps;;G:\Program Files\JetBrains\IntelliJ IDEA 2019.1.3\bin;;." />
    <property name="javadoc.author" value="false" />
    <property name="libs.metro.maven-pom" value="" />
    <property name="java.util.logging.config.class" value="org.netbeans.core.startup.TopLogging" />
    <property name="libs.spring-framework400.src" value="" />
    <property name="libs.PostgreSQLDriver.src" value="" />
    <property name="sun.arch.data.model" value="64" />
    <property name="basedir" value="C:\Users\attra\Documents\NetBeansProjects\fontys-sebivenlo-PRC11_GROUP4\week1-022.Password" />
    <property name="libs.jpa20-persistence.maven-pom" value="" />
    <property name="jar.compress" value="false" />
    <property name="libs.javaee-web-api-7.0.classpath" value="G:\Program Files\NetBeans-11.1\netbeans\enterprise\modules\ext\javaee-web-api-7.0.jar" />
    <property name="path.separator" value=";" />
    <property name="libs.javaee-web-api-6.0.javadoc" value="G:\Program Files\NetBeans-11.1\netbeans\enterprise\docs\javaee-doc-api.jar" />
    <property name="ant.junit.enabletestlistenerevents" value="true" />
    <property name="sun.io.unicode.encoding" value="UnicodeLittle" />
    <property name="libs.jaxws21.classpath" value="G:\Program Files\NetBeans-11.1\netbeans\java\modules\ext\jaxws22\FastInfoset.jar;G:\Program Files\NetBeans-11.1\netbeans\java\modules\ext\jaxws22\gmbal-api-only.jar;G:\Program Files\NetBeans-11.1\netbeans\java\modules\ext\jaxws22\ha-api.jar;G:\Program Files\NetBeans-11.1\netbeans\java\modules\ext\jaxws22\javax.mail_1.4.jar;G:\Program Files\NetBeans-11.1\netbeans\java\modules\ext\jaxws22\jaxws-rt.jar;G:\Program Files\NetBeans-11.1\netbeans\java\modules\ext\jaxws22\jaxws-tools.jar;G:\Program Files\NetBeans-11.1\netbeans\java\modules\ext\jaxws22\management-api.jar;G:\Program Files\NetBeans-11.1\netbeans\java\modules\ext\jaxws22\mimepull.jar;G:\Program Files\NetBeans-11.1\netbeans\java\modules\ext\jaxws22\policy.jar;G:\Program Files\NetBeans-11.1\netbeans\java\modules\ext\jaxws22\saaj-impl.jar;G:\Program Files\NetBeans-11.1\netbeans\java\modules\ext\jaxws22\stax-ex.jar;G:\Program Files\NetBeans-11.1\netbeans\java\modules\ext\jaxws22\stax2-api.jar;G:\Program Files\NetBeans-11.1\netbeans\java\modules\ext\jaxws22\streambuffer.jar;G:\Program Files\NetBeans-11.1\netbeans\java\modules\ext\jaxws22\woodstox-core-asl.jar;G:\Program Files\NetBeans-11.1\netbeans\java\modules\ext\jaxws22\api\jaxws-api.jar;G:\Program Files\NetBeans-11.1\netbeans\java\modules\ext\jaxws22\api\jsr181-api.jar;G:\Program Files\NetBeans-11.1\netbeans\java\modules\ext\jaxws22\api\javax.annotation.jar;G:\Program Files\NetBeans-11.1\netbeans\java\modules\ext\jaxws22\api\saaj-api.jar;G:\Program Files\NetBeans-11.1\netbeans\ide\modules\ext\jaxb\activation.jar;G:\Program Files\NetBeans-11.1\netbeans\ide\modules\ext\jaxb\api\jaxb-api.jar" />
    <property name="libs.struts.src" value="" />
    <property name="apple.awt.graphics.UseQuartz" value="true" />
    <property name="user.language" value="en" />
    <property name="testng.mode" value="testng" />
    <property name="libs.JAXB-ENDORSED.maven-pom" value="" />
    <property name="libs.eclipselink.maven-pom" value="" />
    <property name="org.netbeans.io.suspend" value="0" />
    <property name="application.vendor" value="avihavai" />
    <property name="test.binaryincludes" value="&lt;nothing&gt;" />
    <property name="manifest.available" value="true" />
    <property name="libs.primefaces.javadoc" value="" />
    <property name="libs.spring-framework300.maven-pom" value="" />
    <property name="run.test.classpath" value=":build/classes:lib/edu-test-utils-0.4.2.jar:lib/hamcrest-core-1.3.jar:lib/junit-4.11.jar:build/test/classes" />
    <property name="ant.project.invoked-targets" value="debug-test" />
    <property name="test.binaryexcludes" value="" />
    <property name="sun.java2d.dpiaware" value="true" />
    <property name="https.nonProxyHosts" value="localhost|127.0.0.1|Warglaive" />
    <property name="libs.PostgreSQLDriver.maven-pom" value="" />
    <property name="java.class.version" value="52.0" />
    <property name="jpda.address" value="javadebug" />
    <property name="libs.eclipselink.javadoc" value="" />
    <property name="libs.jsp-compilation.maven-pom" value="" />
    <property name="user.properties.file" value="C:\Users\attra\AppData\Roaming\NetBeans\11.1\build.properties" />
    <property name="runtime.encoding" value="UTF-8" />
    <property name="libs.javac-api.maven-pom" value="" />
    <property name="file.encoding.pkg" value="sun.io" />
    <property name="sun.cpu.endian" value="little" />
    <property name="libs.JAXB-ENDORSED.javadoc" value="" />
    <property name="libs.JWSAntTasks.classpath" value="G:\Program Files\NetBeans-11.1\netbeans\java\ant\extra\org-netbeans-modules-javawebstart-anttasks.jar" />
    <property name="libs.spring-webmvc4.0.maven-pom" value="" />
    <property name="libs.spring-framework300.src" value="" />
    <property name="libs.jstl.src" value="" />
    <property name="empty.dir" value="C:\Users\attra\Documents\NetBeansProjects\fontys-sebivenlo-PRC11_GROUP4\week1-022.Password\build\empty" />
    <property name="test.binarytestincludes" value="" />
    <property name="javadoc.preview" value="true" />
    <property name="libs.jpa20-persistence.javadoc" value="" />
    <property name="java.home" value="G:\JavaSDK\jre" />
    <property name="libs.jsp-compilation.src" value="" />
    <property name="debug.test.classpath" value=":build/classes:lib/edu-test-utils-0.4.2.jar:lib/hamcrest-core-1.3.jar:lib/junit-4.11.jar:build/test/classes" />
    <property name="libs.javaee-api-6.0.src" value="" />
    <property name="netbeans.importclass" value="org.netbeans.upgrade.AutoUpgrade" />
    <property name="ant.project.default-target" value="default" />
    <property name="annotation.processing.run.all.processors" value="true" />
    <property name="libs.PostgreSQLDriver.javadoc" value="" />
    <property name="libs.restlib.classpath" value="G:\Program Files\NetBeans-11.1\netbeans\enterprise\modules\ext\jersey2\ext\asm-all-repackaged-2.2.0-b21.jar;G:\Program Files\NetBeans-11.1\netbeans\enterprise\modules\ext\jersey2\ext\cglib-2.2.0-b21.jar;G:\Program Files\NetBeans-11.1\netbeans\enterprise\modules\ext\jersey2\ext\guava-14.0.1.jar;G:\Program Files\NetBeans-11.1\netbeans\enterprise\modules\ext\jersey2\ext\hk2-api-2.2.0-b21.jar;G:\Program Files\NetBeans-11.1\netbeans\enterprise\modules\ext\jersey2\ext\hk2-locator-2.2.0-b21.jar;G:\Program Files\NetBeans-11.1\netbeans\enterprise\modules\ext\jersey2\ext\hk2-utils-2.2.0-b21.jar;G:\Program Files\NetBeans-11.1\netbeans\enterprise\modules\ext\jersey2\ext\javax.annotation-api-1.2.jar;G:\Program Files\NetBeans-11.1\netbeans\enterprise\modules\ext\jersey2\ext\javax.inject-2.2.0-b21.jar;G:\Program Files\NetBeans-11.1\netbeans\enterprise\modules\ext\jersey2\ext\javax.servlet-api-3.0.1.jar;G:\Program Files\NetBeans-11.1\netbeans\enterprise\modules\ext\jersey2\ext\jaxb-api-2.2.7.jar;G:\Program Files\NetBeans-11.1\netbeans\enterprise\modules\ext\jersey2\ext\jersey-entity-filtering-2.5.1.jar;G:\Program Files\NetBeans-11.1\netbeans\enterprise\modules\ext\jersey2\ext\jersey-media-moxy-2.5.1.jar;G:\Program Files\NetBeans-11.1\netbeans\enterprise\modules\ext\jersey2\ext\org.osgi.core-4.2.0.jar;G:\Program Files\NetBeans-11.1\netbeans\enterprise\modules\ext\jersey2\ext\osgi-resource-locator-1.0.1.jar;G:\Program Files\NetBeans-11.1\netbeans\enterprise\modules\ext\jersey2\ext\persistence-api-1.0.jar;G:\Program Files\NetBeans-11.1\netbeans\enterprise\modules\ext\jersey2\ext\validation-api-1.1.0.Final.jar;G:\Program Files\NetBeans-11.1\netbeans\enterprise\modules\ext\jersey2\jersey-client.jar;G:\Program Files\NetBeans-11.1\netbeans\enterprise\modules\ext\jersey2\jersey-common.jar;G:\Program Files\NetBeans-11.1\netbeans\enterprise\modules\ext\jersey2\jersey-container-servlet.jar;G:\Program Files\NetBeans-11.1\netbeans\enterprise\modules\ext\jersey2\jersey-container-servlet-core.jar;G:\Program Files\NetBeans-11.1\netbeans\enterprise\modules\ext\jersey2\jersey-server.jar" />
    <property name="netbeans.extbrowser.manual_chrome_plugin_install" value="yes" />
    <property name="http.nonProxyHosts" value="localhost|127.0.0.1|Warglaive" />
    <property name="libs.junit_4.javadoc" value="G:\Program Files\NetBeans-11.1\netbeans\platform\docs\junit-4.12-javadoc.jar" />
    <property name="javac.test.modulepath" value="" />
    <property name="libs.javaee-web-api-6.0.maven-pom" value="" />
    <property name="run.classpath" value=":build/classes" />
    <property name="jna.boot.library.name" value="jnidispatch-440" />
    <property name="libs.javaee-api-7.0.classpath" value="G:\Program Files\NetBeans-11.1\netbeans\enterprise\modules\ext\javaee-api-7.0.jar" />
    <property name="sun.awt.datatransfer.timeout" value="1000" />
    <property name="libs.spring-webmvc3.0.javadoc" value="" />
    <property name="annotation.processing.enabled.in.editor" value="false" />
    <property name="nb.native.filechooser" value="false" />
    <property name="libs.restapi.src" value="" />
    <property name="sun.management.compiler" value="HotSpot 64-Bit Tiered Compilers" />
    <property name="javac.deprecation" value="false" />
    <property name="javadoc.use" value="true" />
    <property name="sun.java2d.noddraw" value="true" />
    <property name="libs.jsp-compiler.classpath" value="G:\Program Files\NetBeans-11.1\netbeans\enterprise\ant\extra\jspcompile.jar" />
    <property name="javac.processorpath" value="" />
    <property name="libs.hamcrest.maven-pom" value="" />
    <property name="libs.junit_5.classpath" value="G:\Program Files\NetBeans-11.1\netbeans\platform\modules\ext\junit-jupiter-api-5.3.1.jar;G:\Program Files\NetBeans-11.1\netbeans\platform\modules\ext\junit-jupiter-params-5.3.1.jar;G:\Program Files\NetBeans-11.1\netbeans\platform\modules\ext\junit-jupiter-engine-5.3.1.jar" />
    <property name="javac.compilerargs" value="" />
    <property name="ant.file" value="C:\Users\attra\Documents\NetBeansProjects\fontys-sebivenlo-PRC11_GROUP4\week1-022.Password\build.xml" />
    <property name="libs.jsf12.classpath" value="G:\Program Files\NetBeans-11.1\netbeans\enterprise\modules\ext\jsf-1_2\jsf-api.jar;G:\Program Files\NetBeans-11.1\netbeans\enterprise\modules\ext\jsf-1_2\jsf-impl.jar" />
    <property name="libs.jstl.maven-pom" value="" />
    <property name="libs.restapi.maven-pom" value="" />
    <property name="java.vm.specification.vendor" value="Oracle Corporation" />
    <property name="org.openide.major.version" value="IDE/1" />
    <property name="java.vm.name" value="Java HotSpot(TM) 64-Bit Server VM" />
    <property name="netbeans.user" value="C:\Users\attra\AppData\Roaming\NetBeans\11.1" />
    <property name="javadoc.additionalparam" value="" />
    <property name="java.io.tmpdir" value="C:\Users\attra\AppData\Local\Temp\" />
    <property name="java.vendor.url" value="http://java.oracle.com/" />
    <property name="endorsed.classpath.cmd.line.arg" value="" />
    <property name="jna.loaded" value="true" />
    <property name="junit.available" value="true" />
    <property name="libs.javaee-web-api-8.0.classpath" value="G:\Program Files\NetBeans-11.1\netbeans\enterprise\modules\ext\javaee-web-api-8.0.jar" />
    <property name="libs.jsp-compiler.src" value="" />
    <property name="sun.boot.library.path" value="G:\JavaSDK\jre\bin" />
    <property name="have.sources" value="true" />
    <property name="libs.hamcrest.javadoc" value="" />
    <property name="ant.file.022.Password" value="C:\Users\attra\Documents\NetBeansProjects\fontys-sebivenlo-PRC11_GROUP4\week1-022.Password\build.xml" />
    <property name="debug.classpath" value=":build/classes" />
    <property name="javadoc.private" value="false" />
    <property name="test.src.dir" value="test" />
    <property name="libs.jsf20.classpath" value="G:\Program Files\NetBeans-11.1\netbeans\enterprise\modules\ext\jsf-2_2\javax.faces.jar" />
    <property name="ap.processors.internal" value="" />
    <property name="libs.javaee-api-8.0.javadoc" value="G:\Program Files\NetBeans-11.1\netbeans\enterprise\docs\javaee-doc-api.jar" />
    <property name="meta.inf.dir" value="src/META-INF" />
    <property name="javadoc.encoding.used" value="UTF-8" />
    <property name="dist.jar" value="dist/022.Password.jar" />
    <property name="libs.spring-framework400.maven-pom" value="" />
    <property name="java.runtime.name" value="Java(TM) SE Runtime Environment" />
    <property name="debug.test.modulepath" value="" />
    <property name="ant.project.name" value="022.Password" />
    <property name="netbeans.hash.code" value="unique=NB0695a7b7f-5e17-4459-be46-78e59c35d585_fce2b0a8-ab74-4554-884d-159c76fb39d3" />
    <property name="netbeans.default_userdir_root" value="C:\Users\attra\AppData\Roaming\NetBeans" />
    <property name="libs.jsp-compilation-syscp.maven-pom" value="" />
    <property name="sun.cpu.isalist" value="amd64" />
    <property name="libs.spring-framework400.javadoc" value="" />
    <property name="libs.CopyLibs.javadoc" value="" />
    <property name="org.openide.specification.version" value="6.2" />
    <property name="libs.maven-dependencies.maven-pom" value="" />
    <property name="user.home" value="C:\Users\attra" />
    <property name="annotation.processing.processors.list" value="" />
    <property name="libs.primefaces.maven-pom" value="" />
    <property name="libs.javaee-api-6.0.maven-pom" value="" />
    <property name="libs.JWSAntTasks.src" value="" />
    <property name="jar.index" value="false" />
    <property name="libs.CopyLibs.maven-pom" value="" />
    <property name="libs.spring-framework300.javadoc" value="" />
    <property name="libs.absolutelayout.javadoc" value="" />
    <property name="java.specification.name" value="Java Platform API Specification" />
    <property name="do.archive+main.class.available" value="true" />
    <property name="java.specification.vendor" value="Oracle Corporation" />
    <property name="libs.javac-api.classpath" value="" />
    <property name="java.version" value="1.8.0_211" />
    <property name="run.jvmargs.ide" value="" />
    <property name="javadoc.version" value="false" />
    <property name="javac.processormodulepath" value="" />
    <property name="org.openide.version" value="deprecated" />
    <property name="platform.java" value="G:\JavaSDK\jre/bin/java" />
    <property name="source.encoding" value="UTF-8" />
    <property name="ap.cmd.line.internal" value="" />
    <property name="libs.eclipselinkmodelgen.maven-pom" value="" />
    <property name="libs.jsp-compilation-syscp.javadoc" value="" />
    <property name="libs.javaee-web-api-8.0.src" value="" />
    <property name="libs.eclipselinkmodelgen.javadoc" value="" />
    <property name="libs.javaee-endorsed-api-7.0.classpath" value="G:\Program Files\NetBeans-11.1\netbeans\enterprise\modules\ext\javaee7-endorsed\javax.annotation-api.jar;G:\Program Files\NetBeans-11.1\netbeans\enterprise\modules\ext\javaee7-endorsed\javax.xml.soap-api.jar;G:\Program Files\NetBeans-11.1\netbeans\enterprise\modules\ext\javaee7-endorsed\jaxb-api-osgi.jar;G:\Program Files\NetBeans-11.1\netbeans\enterprise\modules\ext\javaee7-endorsed\jaxws-api.jar;G:\Program Files\NetBeans-11.1\netbeans\enterprise\modules\ext\javaee7-endorsed\jsr181-api.jar" />
    <property name="libs.metro.javadoc" value="G:\Program Files\NetBeans-11.1\netbeans\enterprise\docs\webservices-api-javadoc.jar;G:\Program Files\NetBeans-11.1\netbeans\enterprise\docs\webservices-extra-javadoc.jar;G:\Program Files\NetBeans-11.1\netbeans\enterprise\docs\webservices-extra-api-javadoc.jar;G:\Program Files\NetBeans-11.1\netbeans\enterprise\docs\webservices-rt-javadoc.jar;G:\Program Files\NetBeans-11.1\netbeans\enterprise\docs\webservices-tools-javadoc.jar" />
    <property name="libs.struts.maven-pom" value="" />
    <property name="netbeans.home+have.tests" value="true" />
    <property name="annotation.processing.processor.options" value="" />
    <property name="libs.testng.maven-pom" value="" />
    <property name="libs.jaxb.src" value="" />
    <property name="work.dir" value="C:\Users\attra\Documents\NetBeansProjects\fontys-sebivenlo-PRC11_GROUP4\week1-022.Password" />
    <property name="libs.jaxb.classpath" value="G:\Program Files\NetBeans-11.1\netbeans\ide\modules\ext\jaxb\jaxb-impl-2.2.5-2.jar;G:\Program Files\NetBeans-11.1\netbeans\ide\modules\ext\jaxb\jaxb-xjc-2.2.5-2.jar;G:\Program Files\NetBeans-11.1\netbeans\ide\modules\ext\jaxb\jaxb1-impl-2.2.5-2.jar;G:\Program Files\NetBeans-11.1\netbeans\ide\modules\ext\jaxb\activation.jar;G:\Program Files\NetBeans-11.1\netbeans\ide\modules\ext\jaxb\api\jaxb-api.jar" />
    <property name="do.depend" value="false" />
    <property name="dist.javadoc.dir" value="dist/javadoc" />
    <property name="libs.spring-webmvc3.0.classpath" value="G:\Program Files\NetBeans-11.1\netbeans\java\modules\ext\spring-3.0\spring-webmvc-3.2.7.RELEASE.jar" />
    <property name="libs.javaee-web-api-7.0.maven-pom" value="" />
    <property name="libs.restlib.src" value="" />
    <property name="build.generated.dir" value="build/generated" />
    <property name="javac.source" value="1.6" />
    <property name="libs.javaee-api-8.0.classpath" value="G:\Program Files\NetBeans-11.1\netbeans\enterprise\modules\ext\javaee-api-8.0.jar" />
    <property name="line.separator" value="&#xd;&#xa;" />
    <property name="java.specification.version" value="1.8" />
    <property name="libs.jaxws21.maven-pom" value="" />
    <property name="java.vm.info" value="mixed mode" />
    <property name="nb.junit.batch" value="true" />
    <property name="junit.forkmode" value="perTest" />
    <property name="file.reference.hamcrest-core-1.3.jar" value="lib/hamcrest-core-1.3.jar" />
    <property name="sun.boot.class.path" value="G:\JavaSDK\jre\lib\resources.jar;G:\JavaSDK\jre\lib\rt.jar;G:\JavaSDK\jre\lib\sunrsasign.jar;G:\JavaSDK\jre\lib\jsse.jar;G:\JavaSDK\jre\lib\jce.jar;G:\JavaSDK\jre\lib\charsets.jar;G:\JavaSDK\jre\lib\jfr.jar;G:\JavaSDK\jre\classes" />
    <property name="javac.target" value="1.6" />
    <property name="built-jar.properties" value="C:\Users\attra\Documents\NetBeansProjects\fontys-sebivenlo-PRC11_GROUP4\week1-022.Password\build\built-jar.properties" />
    <property name="build.test.classes.dir" value="build/test/classes" />
    <property name="src.dir" value="src" />
    <property name="javac.test.compilerargs" value="" />
    <property name="sun.awt.keepWorkingSetOnMinimize" value="true" />
    <property name="annotation.processing.enabled" value="true" />
    <property name="libs.jsf20.src" value="" />
    <property name="libs.jpa20-persistence.src" value="" />
    <property name="libs.jsf12.src" value="" />
    <property name="libs.struts.javadoc" value="G:\Program Files\NetBeans-11.1\netbeans\enterprise\docs\struts-1.3.10-javadoc.zip" />
    <property name="libs.maven-dependencies.src" value="" />
    <property name="libs.javaee-web-api-7.0.src" value="" />
    <property name="libs.primefaces.src" value="" />
    <property name="dist.dir" value="dist" />
    <property name="libs.groovy-all.javadoc" value="" />
    <property name="testng.debug.mode" value="" />
    <property name="libs.groovy-all.classpath" value="G:\Program Files\NetBeans-11.1\netbeans\groovy\modules\ext\groovy.jar;G:\Program Files\NetBeans-11.1\netbeans\groovy\modules\ext\groovy-ant.jar" />
    <property name="javac.fork" value="false" />
    <property name="java.awt.printerjob" value="sun.awt.windows.WPrinterJob" />
    <property name="default.javac.source" value="1.8" />
    <property name="debug-transport-by-os" value="dt_shmem" />
    <property name="sun.jnu.encoding" value="Cp1251" />
    <property name="run.test.jvmargs" value="" />
    <property name="build.test.results.dir" value="build/test/results" />
    <property name="java.runtime.version" value="1.8.0_211-b12" />
    <property name="default.javac.target" value="1.8" />
    <property name="ant.file.type.022.Password" value="file" />
    <property name="libs.junit_4.classpath" value="G:\Program Files\NetBeans-11.1\netbeans\platform\modules\ext\junit-4.12.jar" />
    <property name="user.timezone" value="" />
    <property name="nb.junit.single" value="false" />
    <property name="netbeans.dirs" value="G:\Program Files\NetBeans-11.1\netbeans\nb;G:\Program Files\NetBeans-11.1\netbeans\ergonomics;G:\Program Files\NetBeans-11.1\netbeans\ide;G:\Program Files\NetBeans-11.1\netbeans\extide;G:\Program Files\NetBeans-11.1\netbeans\java;G:\Program Files\NetBeans-11.1\netbeans\apisupport;G:\Program Files\NetBeans-11.1\netbeans\webcommon;G:\Program Files\NetBeans-11.1\netbeans\websvccommon;G:\Program Files\NetBeans-11.1\netbeans\enterprise;G:\Program Files\NetBeans-11.1\netbeans\mobility;G:\Program Files\NetBeans-11.1\netbeans\profiler;G:\Program Files\NetBeans-11.1\netbeans\python;G:\Program Files\NetBeans-11.1\netbeans\php;G:\Program Files\NetBeans-11.1\netbeans\identity;G:\Program Files\NetBeans-11.1\netbeans\harness;G:\Program Files\NetBeans-11.1\netbeans\cnd;G:\Program Files\NetBeans-11.1\netbeans\cndext;G:\Program Files\NetBeans-11.1\netbeans\dlight;G:\Program Files\NetBeans-11.1\netbeans\groovy;G:\Program Files\NetBeans-11.1\netbeans\extra;G:\Program Files\NetBeans-11.1\netbeans\javacard;G:\Program Files\NetBeans-11.1\netbeans\javafx;G:\Program Files\NetBeans-11.1\netbeans\tmcbeans" />
    <property name="libs.jsf20.javadoc" value="G:\Program Files\NetBeans-11.1\netbeans\enterprise\docs\javaee-doc-api.jar" />
    <property name="libs.jstl.javadoc" value="G:\Program Files\NetBeans-11.1\netbeans\enterprise\docs\javaee-doc-api.jar" />
    <property name="ant.file.type.022.Password-impl" value="file" />
    <property name="java.ext.dirs" value="G:\JavaSDK\jre\lib\ext;C:\WINDOWS\Sun\Java\lib\ext" />
    <property name="libs.metro.src" value="" />
    <property name="endorsed.classpath" value="" />
    <property name="libs.absolutelayout.classpath" value="G:\Program Files\NetBeans-11.1\netbeans\java\modules\ext\AbsoluteLayout.jar" />
    <property name="excludes" value="" />
    <property name="libs.metro.classpath" value="G:\Program Files\NetBeans-11.1\netbeans\ide\modules\ext\jaxb\activation.jar;G:\Program Files\NetBeans-11.1\netbeans\enterprise\modules\ext\metro\webservices-api.jar;G:\Program Files\NetBeans-11.1\netbeans\enterprise\modules\ext\metro\webservices-extra-api.jar;G:\Program Files\NetBeans-11.1\netbeans\enterprise\modules\ext\metro\webservices-extra.jar;G:\Program Files\NetBeans-11.1\netbeans\enterprise\modules\ext\metro\webservices-rt.jar;G:\Program Files\NetBeans-11.1\netbeans\enterprise\modules\ext\metro\webservices-tools.jar" />
    <property name="libs.restlib.maven-pom" value="" />
    <property name="apple.laf.useScreenMenuBar" value="true" />
    <property name="java.class.path" value="C:\Users\attra\Documents\NetBeansProjects\fontys-sebivenlo-PRC11_GROUP4\week1-022.Password\build\classes;C:\Users\attra\Documents\NetBeansProjects\fontys-sebivenlo-PRC11_GROUP4\week1-022.Password\lib\edu-test-utils-0.4.2.jar;C:\Users\attra\Documents\NetBeansProjects\fontys-sebivenlo-PRC11_GROUP4\week1-022.Password\lib\hamcrest-core-1.3.jar;C:\Users\attra\Documents\NetBeansProjects\fontys-sebivenlo-PRC11_GROUP4\week1-022.Password\lib\junit-4.11.jar;C:\Users\attra\Documents\NetBeansProjects\fontys-sebivenlo-PRC11_GROUP4\week1-022.Password\build\test\classes;G:\Program Files\NetBeans-11.1\netbeans\extide\ant\lib\ant-launcher.jar;G:\Program Files\NetBeans-11.1\netbeans\extide\ant\lib\ant.jar;G:\Program Files\NetBeans-11.1\netbeans\extide\ant\lib\ant-junit.jar;G:\Program Files\NetBeans-11.1\netbeans\extide\ant\lib\ant-junit4.jar" />
    <property name="do.mkdist" value="true" />
    <property name="libs.absolutelayout.src" value="" />
    <property name="libs.jpa20-persistence.classpath" value="G:\Program Files\NetBeans-11.1\netbeans\java\modules\ext\eclipselink\javax.persistence-2.1.0.jar" />
    <property name="libs.junit_5.javadoc" value="G:\Program Files\NetBeans-11.1\netbeans\platform\docs\junit-jupiter-api-5.3.1-javadoc.jar;G:\Program Files\NetBeans-11.1\netbeans\platform\docs\junit-jupiter-params-5.3.1-javadoc.jar;G:\Program Files\NetBeans-11.1\netbeans\platform\docs\junit-jupiter-engine-5.3.1-javadoc.jar" />
    <property name="os.version" value="10.0" />
    <property name="application.args" value="" />
    <property name="libs.javaee-api-7.0.maven-pom" value="" />
    <property name="main.class.available" value="true" />
    <property name="sun.awt.enableExtraMouseButtons" value="true" />
    <property name="sun.desktop" value="windows" />
    <property name="libs.restlib.javadoc" value="" />
    <property name="libs.JAXB-ENDORSED.classpath" value="G:\Program Files\NetBeans-11.1\netbeans\ide\modules\ext\jaxb\api\jaxb-api.jar" />
    <property name="nb.internal.action.name" value="debug.test.single" />
    <property name="run.test.modulepath" value="" />
    <property name="libs.javaee-api-7.0.javadoc" value="G:\Program Files\NetBeans-11.1\netbeans\enterprise\docs\javaee-doc-api.jar" />
    <property name="libs.eclipselink.classpath" value="G:\Program Files\NetBeans-11.1\netbeans\java\modules\ext\eclipselink\org.eclipse.persistence.core-2.5.2.jar;G:\Program Files\NetBeans-11.1\netbeans\java\modules\ext\eclipselink\org.eclipse.persistence.asm-2.5.2.jar;G:\Program Files\NetBeans-11.1\netbeans\java\modules\ext\eclipselink\org.eclipse.persistence.antlr-2.5.2.jar;G:\Program Files\NetBeans-11.1\netbeans\java\modules\ext\eclipselink\org.eclipse.persistence.jpa-2.5.2.jar;G:\Program Files\NetBeans-11.1\netbeans\java\modules\ext\eclipselink\org.eclipse.persistence.jpa.jpql-2.5.2.jar;G:\Program Files\NetBeans-11.1\netbeans\java\modules\ext\eclipselink\javax.persistence-2.1.0.jar" />
    <property name="java.awt.graphicsenv" value="sun.awt.Win32GraphicsEnvironment" />
    <property name="java.vm.vendor" value="Oracle Corporation" />
    <property name="libs.CopyLibs.classpath" value="G:\Program Files\NetBeans-11.1\netbeans\java\ant\extra\org-netbeans-modules-java-j2seproject-copylibstask.jar" />
    <property name="libs.javaee-api-8.0.src" value="" />
    <property name="libs.maven-dependencies.javadoc" value="G:\Program Files\NetBeans-11.1\netbeans\enterprise\docs\javaee-doc-api.jar" />
    <property name="libs.spring-framework300.classpath" value="G:\Program Files\NetBeans-11.1\netbeans\ide\modules\org-apache-commons-logging.jar;G:\Program Files\NetBeans-11.1\netbeans\java\modules\ext\cglib-2.2.jar;G:\Program Files\NetBeans-11.1\netbeans\java\modules\ext\spring-3.0\spring-aop-3.2.7.RELEASE.jar;G:\Program Files\NetBeans-11.1\netbeans\java\modules\ext\spring-3.0\spring-aspects-3.2.7.RELEASE.jar;G:\Program Files\NetBeans-11.1\netbeans\java\modules\ext\spring-3.0\spring-beans-3.2.7.RELEASE.jar;G:\Program Files\NetBeans-11.1\netbeans\java\modules\ext\spring-3.0\spring-build-src-3.2.7.RELEASE.jar;G:\Program Files\NetBeans-11.1\netbeans\java\modules\ext\spring-3.0\spring-context-3.2.7.RELEASE.jar;G:\Program Files\NetBeans-11.1\netbeans\java\modules\ext\spring-3.0\spring-context-support-3.2.7.RELEASE.jar;G:\Program Files\NetBeans-11.1\netbeans\java\modules\ext\spring-3.0\spring-core-3.2.7.RELEASE.jar;G:\Program Files\NetBeans-11.1\netbeans\java\modules\ext\spring-3.0\spring-expression-3.2.7.RELEASE.jar;G:\Program Files\NetBeans-11.1\netbeans\java\modules\ext\spring-3.0\spring-framework-bom-3.2.7.RELEASE.jar;G:\Program Files\NetBeans-11.1\netbeans\java\modules\ext\spring-3.0\spring-instrument-3.2.7.RELEASE.jar;G:\Program Files\NetBeans-11.1\netbeans\java\modules\ext\spring-3.0\spring-instrument-tomcat-3.2.7.RELEASE.jar;G:\Program Files\NetBeans-11.1\netbeans\java\modules\ext\spring-3.0\spring-jdbc-3.2.7.RELEASE.jar;G:\Program Files\NetBeans-11.1\netbeans\java\modules\ext\spring-3.0\spring-jms-3.2.7.RELEASE.jar;G:\Program Files\NetBeans-11.1\netbeans\java\modules\ext\spring-3.0\spring-orm-3.2.7.RELEASE.jar;G:\Program Files\NetBeans-11.1\netbeans\java\modules\ext\spring-3.0\spring-oxm-3.2.7.RELEASE.jar;G:\Program Files\NetBeans-11.1\netbeans\java\modules\ext\spring-3.0\spring-struts-3.2.7.RELEASE.jar;G:\Program Files\NetBeans-11.1\netbeans\java\modules\ext\spring-3.0\spring-test-3.2.7.RELEASE.jar;G:\Program Files\NetBeans-11.1\netbeans\java\modules\ext\spring-3.0\spring-tx-3.2.7.RELEASE.jar;G:\Program Files\NetBeans-11.1\netbeans\java\modules\ext\spring-3.0\spring-web-3.2.7.RELEASE.jar;G:\Program Files\NetBeans-11.1\netbeans\java\modules\ext\spring-3.0\spring-webmvc-3.2.7.RELEASE.jar;G:\Program Files\NetBeans-11.1\netbeans\java\modules\ext\spring-3.0\spring-webmvc-portlet-3.2.7.RELEASE.jar" />
    <property name="libs.jsp-compiler.maven-pom" value="" />
    <property name="ant.file.022.Password-impl" value="C:\Users\attra\Documents\NetBeansProjects\fontys-sebivenlo-PRC11_GROUP4\week1-022.Password\nbproject\build-impl.xml" />
    <property name="libs.junit_5.maven-pom" value="" />
    <property name="libs.hamcrest.src" value="" />
    <property name="run.jvmargs" value="" />
    <property name="libs.JAXB-ENDORSED.src" value="" />
    <property name="libs.testng.javadoc" value="G:\Program Files\NetBeans-11.1\netbeans\platform\docs\testng-6.8.1-javadoc.zip" />
    <property name="user.script" value="" />
    <property name="libs.PostgreSQLDriver.classpath" value="G:\Program Files\NetBeans-11.1\netbeans\ide\modules\ext\postgresql-42.2.5.jar" />
    <property name="libs.jsf12.maven-pom" value="" />
    <property name="annotation.processing.source.output" value="build/generated-sources/ap-source-output" />
    <property name="main.class" value="Password" />
    <property name="libs.CopyLibs.src" value="" />
    <property name="build.dir" value="build" />
    <property name="libs.jsp-compilation.classpath" value="G:\Program Files\NetBeans-11.1\netbeans\extide\ant\lib\ant.jar;G:\Program Files\NetBeans-11.1\netbeans\enterprise\modules\ext\servlet3.1-jsp2.3-api.jar;G:\Program Files\NetBeans-11.1\netbeans\enterprise\modules\ext\glassfish-jspparser-4.0.jar;G:\Program Files\NetBeans-11.1\netbeans\enterprise\modules\ext\jsf-2_2\javax.faces.jar;G:\Program Files\NetBeans-11.1\netbeans\enterprise\modules\ext\jstl-api.jar;G:\Program Files\NetBeans-11.1\netbeans\extide\ant\lib\ant-launcher.jar" />
    <property name="libs.javaee-web-api-8.0.javadoc" value="G:\Program Files\NetBeans-11.1\netbeans\enterprise\docs\javaee-doc-api.jar" />
    <property name="debug.modulepath" value="" />
    <property name="ant.version" value="Apache Ant(TM) version 1.10.4 compiled on June 19 2018" />
    <property name="file.encoding" value="Cp1251" />
    <property name="build.classes.excludes" value="**/*.java,**/*.form" />
    <property name="jdkBug6558476" value="false" />
    <property name="javadoc.nonavbar" value="false" />
    <property name="libs.spring-webmvc4.0.classpath" value="G:\Program Files\NetBeans-11.1\netbeans\java\modules\ext\spring-4\spring-webmvc-4.0.1.RELEASE.jar" />
    <property name="platform.active" value="default_platform" />
    <property name="libs.javaee-web-api-8.0.maven-pom" value="" />
    <property name="awt.toolkit" value="sun.awt.windows.WToolkit" />
    <property name="libs.javaee-web-api-7.0.javadoc" value="G:\Program Files\NetBeans-11.1\netbeans\enterprise\docs\javaee-doc-api.jar" />
  </properties>
  <testcase classname="PasswordTest" name="asksAndAnswersWhenRight" time="0.019" />
  <testcase classname="PasswordTest" name="asksAndAnswersWhenWrong" time="0.002" />
  <testcase classname="PasswordTest" name="ohjelmaKysyyKunnesRight" time="0.002" />
  <testcase classname="PasswordTest" name="ohjelmaLopettaaKyselynKunRight" time="0.001" />
  <testcase classname="PasswordTest" name="ohjelmaKysyyUudelleenKunVaarin" time="0.008">
    <failure message="Program should keep asking the password until it is given correctly" type="junit.framework.AssertionFailedError">junit.framework.AssertionFailedError: Program should keep asking the password until it is given correctly
	at PasswordTest.ohjelmaKysyyUudelleenKunVaarin(PasswordTest.java:93)
	at fi.helsinki.cs.tmc.edutestutils.MockStdio$1.evaluate(MockStdio.java:106)
</failure>
  </testcase>
  <testcase classname="PasswordTest" name="lopussaSalaisuus" time="0.001" />
  <system-out><![CDATA[]]></system-out>
  <system-err><![CDATA[]]></system-err>
</testsuite>
